Error in hsql(q = q_spec, db = "nhs_reporting", server = "WWLDWSQL1") %>%  : 
  could not find function "%>%"
Error in hsql(q = q_dtas, db = "nhs_reporting", server = "WWLDWSQL1") %>%  : 
  could not find function "%>%"
Warning message:
package ‘timeDate’ was built under R version 4.2.1 
[1] "Initialisation date is 2022-12-05"
[1] "End date is 2025-01-01"
[1] "Horizon length is  758"
[1] "Parameters have been loaded."
[1] "Times to DTA have been loaded."
[1] "Times to planned have been loaded."
[1] "Waiting list has been formatted for Colorectal Surgery"
[1] "The current_rates model has been selected."
[1] "Capacity is 4.12903225806452"
Joining, by = "priority"
[1] "Demand is 14.8387096774194"
Joining, by = "priority"
[1] "The initial waiting list size is of length 1585"
[1] "Number of runs is 1"
[1] "Setting up the cluster..."
[1] "Made cluster..."
[1] "Exported to cluster..."
[[1]]
[1] "dplyr"     "librarian" "stats"     "graphics" 
[5] "grDevices" "datasets"  "utils"     "methods"  
[9] "base"     

[[2]]
[1] "dplyr"     "librarian" "stats"     "graphics" 
[5] "grDevices" "datasets"  "utils"     "methods"  
[9] "base"     

[[3]]
[1] "dplyr"     "librarian" "stats"     "graphics" 
[5] "grDevices" "datasets"  "utils"     "methods"  
[9] "base"     

[[4]]
[1] "dplyr"     "librarian" "stats"     "graphics" 
[5] "grDevices" "datasets"  "utils"     "methods"  
[9] "base"     

[[5]]
[1] "dplyr"     "librarian" "stats"     "graphics" 
[5] "grDevices" "datasets"  "utils"     "methods"  
[9] "base"     

[[6]]
[1] "dplyr"     "librarian" "stats"     "graphics" 
[5] "grDevices" "datasets"  "utils"     "methods"  
[9] "base"     

[[7]]
[1] "dplyr"     "librarian" "stats"     "graphics" 
[5] "grDevices" "datasets"  "utils"     "methods"  
[9] "base"     

[[8]]
[1] "dplyr"     "librarian" "stats"     "graphics" 
[5] "grDevices" "datasets"  "utils"     "methods"  
[9] "base"     

[1] "Evaluated dplyr on cluster..."
[1] "Got results from cluster..."
[1] "Stopped the cluster..."
[1] "Results obtained from simulations on the cluster...."
`summarise()` has grouped output by 'day'. You can
override using the `.groups` argument.
[1] "Calculating clearance times... "
[1] "Removing old clearance times..."
# A tibble: 3 × 4
  type         q025  mean  q975 
  <chr>        <lgl> <lgl> <lgl>
1 nwm52_total  NA    NA    NA   
2 nwm78_total  NA    NA    NA   
3 nwm104_total NA    NA    NA   
Adding missing grouping variables: `day`
Error in close.connection(log_con) : 
  cannot close 'message' sink connection
Error in close.connection(log_con) : 
  cannot close 'message' sink connection
[1] "hi"
