`summarise()` has grouped output by 'internal_number', 'pathway_number', 'dta_date',
'Admis_Method_Desc', 'covid_recovery_priority', 'clock_start_date', 'clock_stop_date',
'days_to_dta'. You can override using the `.groups` argument.
Joining, by = "dt"
Joining, by = "dt"
Joining, by = "dt"
[1] "Parameters updated for: Accident and Emergency"
`summarise()` has grouped output by 'internal_number', 'pathway_number', 'dta_date',
'Admis_Method_Desc', 'covid_recovery_priority', 'clock_start_date', 'clock_stop_date',
'days_to_dta'. You can override using the `.groups` argument.
Joining, by = "dt"
Joining, by = "dt"
Joining, by = "dt"
[1] "Parameters updated for: Breast Surgery"
`summarise()` has grouped output by 'internal_number', 'pathway_number', 'dta_date',
'Admis_Method_Desc', 'covid_recovery_priority', 'clock_start_date', 'clock_stop_date',
'days_to_dta'. You can override using the `.groups` argument.
Joining, by = "dt"
Joining, by = "dt"
Joining, by = "dt"
[1] "Parameters updated for: Cardiology"
`summarise()` has grouped output by 'internal_number', 'pathway_number', 'dta_date',
'Admis_Method_Desc', 'covid_recovery_priority', 'clock_start_date', 'clock_stop_date',
'days_to_dta'. You can override using the `.groups` argument.
Joining, by = "dt"
Joining, by = "dt"
Joining, by = "dt"
[1] "Parameters updated for: Colorectal Surgery"
`summarise()` has grouped output by 'internal_number', 'pathway_number', 'dta_date',
'Admis_Method_Desc', 'covid_recovery_priority', 'clock_start_date', 'clock_stop_date',
'days_to_dta'. You can override using the `.groups` argument.
Joining, by = "dt"
Joining, by = "dt"
Joining, by = "dt"
[1] "Parameters updated for: Elderly Medicine"
`summarise()` has grouped output by 'internal_number', 'pathway_number', 'dta_date',
'Admis_Method_Desc', 'covid_recovery_priority', 'clock_start_date', 'clock_stop_date',
'days_to_dta'. You can override using the `.groups` argument.
Joining, by = "dt"
Joining, by = "dt"
Joining, by = "dt"
[1] "Parameters updated for: Endocrinology and Metabolic Medicine"
`summarise()` has grouped output by 'internal_number', 'pathway_number', 'dta_date',
'Admis_Method_Desc', 'covid_recovery_priority', 'clock_start_date', 'clock_stop_date',
'days_to_dta'. You can override using the `.groups` argument.
Joining, by = "dt"
Joining, by = "dt"
Joining, by = "dt"
[1] "Parameters updated for: ENT"
`summarise()` has grouped output by 'internal_number', 'pathway_number', 'dta_date',
'Admis_Method_Desc', 'covid_recovery_priority', 'clock_start_date', 'clock_stop_date',
'days_to_dta'. You can override using the `.groups` argument.
Joining, by = "dt"
Joining, by = "dt"
Joining, by = "dt"
[1] "Parameters updated for: Gastroenterology"
`summarise()` has grouped output by 'internal_number', 'pathway_number', 'dta_date',
'Admis_Method_Desc', 'covid_recovery_priority', 'clock_start_date', 'clock_stop_date',
'days_to_dta'. You can override using the `.groups` argument.
Joining, by = "dt"
